<?xml version="1.0" encoding="UTF-8"?>
<!-- Generated by org.testng.reporters.JUnitReportReporter -->
<testsuite hostname="AMAV1Q0509154" failures="0" tests="2" name="com.crm.qa.tests.LoginPageTest" time="30.391" errors="0" timestamp="2023-01-24T10:55:43 IST" skipped="0">
  <testcase classname="com.crm.qa.tests.LoginPageTest" name="verifyLoginTitle" time="13.392"/>
  <system-out/>
  <testcase classname="com.crm.qa.tests.LoginPageTest" name="loginTest" time="16.999"/>
  <system-out/>
</testsuite> <!-- com.crm.qa.tests.LoginPageTest -->
