<?xml version="1.0" encoding="UTF-8"?>
<!-- Generated by org.testng.reporters.JUnitReportReporter -->
<testsuite hostname="AMAV1Q0509154" failures="0" tests="3" name="com.crm.qa.tests.ContactsPageTest" time="107.824" errors="0" timestamp="2023-01-28T18:38:38 IST" skipped="0">
  <testcase classname="com.crm.qa.tests.ContactsPageTest" name="addNewContact" time="36.514"/>
  <system-out/>
  <testcase classname="com.crm.qa.tests.ContactsPageTest" name="addNewContact" time="35.959"/>
  <system-out/>
  <testcase classname="com.crm.qa.tests.ContactsPageTest" name="addNewContact" time="35.351"/>
  <system-out/>
</testsuite> <!-- com.crm.qa.tests.ContactsPageTest -->
