<?xml version="1.0" encoding="UTF-8"?>
<!-- Generated by org.testng.reporters.JUnitReportReporter -->
<testsuite hostname="AMAV1Q0509154" failures="0" tests="1" name="com.crm.qa.tests.HomePageTest" time="31.899" errors="0" timestamp="2023-01-24T11:42:22 IST" skipped="0">
  <testcase classname="com.crm.qa.tests.HomePageTest" name="TestClickonContacts" time="31.899"/>
  <system-out/>
</testsuite> <!-- com.crm.qa.tests.HomePageTest -->
